Using pre-set license
Built from '2021.3/staging' branch; Version is '2021.3.22f1 (b6c551784ba3) revision 11978065'; Using compiler version '192829333'; Build Type 'Release'
OS: 'Windows 10  (10.0.19045) 64bit Professional' Language: 'en' Physical Memory: 16211 MB
BatchMode: 1, IsHumanControllingUs: 0, StartBugReporterOnCrash: 0, Is64bit: 1, IsPro: 1

COMMAND LINE ARGUMENTS:
C:\Program Files\Unity\Hub\Editor\2021.3.22f1\Editor\Unity.exe
-adb2
-batchMode
-noUpm
-name
AssetImportWorker0
-projectPath
D:/CANADA_CV/Source/KingdomPush
-logFile
Logs/AssetImportWorker0.log
-srvPort
32026
Successfully changed project path to: D:/CANADA_CV/Source/KingdomPush
D:/CANADA_CV/Source/KingdomPush
[UnityMemory] Configuration Parameters - Can be set up in boot.config
    "memorysetup-bucket-allocator-granularity=16"
    "memorysetup-bucket-allocator-bucket-count=8"
    "memorysetup-bucket-allocator-block-size=33554432"
    "memorysetup-bucket-allocator-block-count=8"
    "memorysetup-main-allocator-block-size=16777216"
    "memorysetup-thread-allocator-block-size=16777216"
    "memorysetup-gfx-main-allocator-block-size=16777216"
    "memorysetup-gfx-thread-allocator-block-size=16777216"
    "memorysetup-cache-allocator-block-size=4194304"
    "memorysetup-typetree-allocator-block-size=2097152"
    "memorysetup-profiler-bucket-allocator-granularity=16"
    "memorysetup-profiler-bucket-allocator-bucket-count=8"
    "memorysetup-profiler-bucket-allocator-block-size=33554432"
    "memorysetup-profiler-bucket-allocator-block-count=8"
    "memorysetup-profiler-allocator-block-size=16777216"
    "memorysetup-profiler-editor-allocator-block-size=1048576"
    "memorysetup-temp-allocator-size-main=16777216"
    "memorysetup-job-temp-allocator-block-size=2097152"
    "memorysetup-job-temp-allocator-block-size-background=1048576"
    "memorysetup-job-temp-allocator-reduction-small-platforms=262144"
    "memorysetup-temp-allocator-size-background-worker=32768"
    "memorysetup-temp-allocator-size-job-worker=262144"
    "memorysetup-temp-allocator-size-preload-manager=33554432"
    "memorysetup-temp-allocator-size-nav-mesh-worker=65536"
    "memorysetup-temp-allocator-size-audio-worker=65536"
    "memorysetup-temp-allocator-size-cloud-worker=32768"
    "memorysetup-temp-allocator-size-gi-baking-worker=262144"
    "memorysetup-temp-allocator-size-gfx=262144"
Player connection [15976] Host "[IP] 26.78.250.202 [Port] 0 [Flags] 2 [Guid] 1824767377 [EditorId] 1824767377 [Version] 1048832 [Id] WindowsEditor(7,DESKTOP-JAD7K2V) [Debug] 1 [PackageName] WindowsEditor [ProjectName] Editor" joined multi-casting on [225.0.0.222:54997]...

Player connection [15976] Host "[IP] 26.78.250.202 [Port] 0 [Flags] 2 [Guid] 1824767377 [EditorId] 1824767377 [Version] 1048832 [Id] WindowsEditor(7,DESKTOP-JAD7K2V) [Debug] 1 [PackageName] WindowsEditor [ProjectName] Editor" joined alternative multi-casting on [225.0.0.222:34997]...

Refreshing native plugins compatible for Editor in 87.83 ms, found 2 plugins.
Preloading 0 native plugins for Editor in 0.00 ms.
Initialize engine version: 2021.3.22f1 (b6c551784ba3)
[Subsystems] Discovering subsystems at path C:/Program Files/Unity/Hub/Editor/2021.3.22f1/Editor/Data/Resources/UnitySubsystems
[Subsystems] Discovering subsystems at path D:/CANADA_CV/Source/KingdomPush/Assets
GfxDevice: creating device client; threaded=0; jobified=0
Direct3D:
    Version:  Direct3D 11.0 [level 11.0]
    Renderer: NVIDIA GeForce GTX 960M (ID=0x139b)
    Vendor:   NVIDIA
    VRAM:     4054 MB
    Driver:   31.0.15.4633
Initialize mono
Mono path[0] = 'C:/Program Files/Unity/Hub/Editor/2021.3.22f1/Editor/Data/Managed'
Mono path[1] = 'C:/Program Files/Unity/Hub/Editor/2021.3.22f1/Editor/Data/MonoBleedingEdge/lib/mono/unityjit-win32'
Mono config path = 'C:/Program Files/Unity/Hub/Editor/2021.3.22f1/Editor/Data/MonoBleedingEdge/etc'
Using monoOptions --debugger-agent=transport=dt_socket,embedding=1,server=y,suspend=n,address=127.0.0.1:56288
Begin MonoManager ReloadAssembly
Registering precompiled unity dll's ...
Register platform support module: C:/Program Files/Unity/Hub/Editor/2021.3.22f1/Editor/Data/PlaybackEngines/AndroidPlayer/UnityEditor.Android.Extensions.dll
Register platform support module: C:/Program Files/Unity/Hub/Editor/2021.3.22f1/Editor/Data/PlaybackEngines/WindowsStandaloneSupport/UnityEditor.WindowsStandalone.Extensions.dll
Registered in 0.021611 seconds.
Native extension for WindowsStandalone target not found
Native extension for Android target not found
Android Extension - Scanning For ADB Devices 679 ms
Refreshing native plugins compatible for Editor in 105.20 ms, found 2 plugins.
Preloading 0 native plugins for Editor in 0.00 ms.
Mono: successfully reloaded assembly
- Completed reload, in  2.126 seconds
Domain Reload Profiling:
	ReloadAssembly (2128ms)
		BeginReloadAssembly (188ms)
			ExecutionOrderSort (0ms)
			DisableScriptedObjects (0ms)
			BackupInstance (0ms)
			ReleaseScriptingObjects (0ms)
			CreateAndSetChildDomain (2ms)
		EndReloadAssembly (1677ms)
			LoadAssemblies (184ms)
			RebuildTransferFunctionScriptingTraits (0ms)
			SetupTypeCache (242ms)
			ReleaseScriptCaches (0ms)
			RebuildScriptCaches (52ms)
			SetupLoadedEditorAssemblies (1276ms)
				LogAssemblyErrors (0ms)
				InitializePlatformSupportModulesInManaged (851ms)
				SetLoadedEditorAssemblies (0ms)
				RefreshPlugins (105ms)
				BeforeProcessingInitializeOnLoad (3ms)
				ProcessInitializeOnLoadAttributes (220ms)
				ProcessInitializeOnLoadMethodAttributes (95ms)
				AfterProcessingInitializeOnLoad (0ms)
				EditorAssembliesLoaded (0ms)
			ExecutionOrderSort2 (0ms)
			AwakeInstancesAfterBackupRestoration (0ms)
Platform modules already initialized, skipping
Registering precompiled user dll's ...
Registered in 0.010160 seconds.
Begin MonoManager ReloadAssembly
Native extension for WindowsStandalone target not found
Native extension for Android target not found
Refreshing native plugins compatible for Editor in 2.87 ms, found 2 plugins.
Preloading 0 native plugins for Editor in 0.00 ms.
Mono: successfully reloaded assembly
- Completed reload, in  3.327 seconds
Domain Reload Profiling:
	ReloadAssembly (3329ms)
		BeginReloadAssembly (396ms)
			ExecutionOrderSort (0ms)
			DisableScriptedObjects (22ms)
			BackupInstance (0ms)
			ReleaseScriptingObjects (0ms)
			CreateAndSetChildDomain (60ms)
		EndReloadAssembly (2628ms)
			LoadAssemblies (332ms)
			RebuildTransferFunctionScriptingTraits (0ms)
			SetupTypeCache (660ms)
			ReleaseScriptCaches (1ms)
			RebuildScriptCaches (137ms)
			SetupLoadedEditorAssemblies (1395ms)
				LogAssemblyErrors (0ms)
				InitializePlatformSupportModulesInManaged (78ms)
				SetLoadedEditorAssemblies (1ms)
				RefreshPlugins (3ms)
				BeforeProcessingInitializeOnLoad (153ms)
				ProcessInitializeOnLoadAttributes (864ms)
				ProcessInitializeOnLoadMethodAttributes (279ms)
				AfterProcessingInitializeOnLoad (16ms)
				EditorAssembliesLoaded (0ms)
			ExecutionOrderSort2 (0ms)
			AwakeInstancesAfterBackupRestoration (12ms)
Platform modules already initialized, skipping
========================================================================
Worker process is ready to serve import requests
Launched and connected shader compiler UnityShaderCompiler.exe after 0.12 seconds
Refreshing native plugins compatible for Editor in 1.29 ms, found 2 plugins.
Preloading 0 native plugins for Editor in 0.00 ms.
Unloading 2229 Unused Serialized files (Serialized files now loaded: 0)
Unloading 53 unused Assets / (56.0 KB). Loaded Objects now: 2676.
Memory consumption went from 87.2 MB to 87.2 MB.
Total: 14.655800 ms (FindLiveObjects: 0.386200 ms CreateObjectMapping: 0.312300 ms MarkObjects: 13.833900 ms  DeleteObjects: 0.122100 ms)

AssetImportParameters requested are different than current active one (requested -> active):
  custom:video-decoder-ogg-theora: a1e56fd34408186e4bbccfd4996cb3dc -> 
  custom:container-muxer-webm: aa71ff27fc2769a1b78a27578f13a17b -> 
  custom:container-demuxer-webm: 4f35f7cbe854078d1ac9338744f61a02 -> 
  custom:video-encoder-webm-vp8: eb34c28f22e8b96e1ab97ce403110664 -> 
  custom:video-codec-MediaFoundation-h265: 746d11721c4dcdbdad8f713fa42b33f4 -> 
  custom:audio-encoder-webm-vorbis: bf7c407c2cedff20999df2af8eb42d56 -> 
  custom:framework-win-MediaFoundation: 216162199b28c13a410421893ffa2e32 -> 
  custom:container-demuxer-ogg: 62fdf1f143b41e24485cea50d1cbac27 -> 
  custom:video-decoder-webm-vp8: 9c59270c3fd7afecdb556c50c9e8de78 -> 
  custom:audio-decoder-ogg-vorbis: bf7c407c2cedff20999df2af8eb42d56 -> 
========================================================================
Received Prepare
Registering precompiled user dll's ...
Registered in 0.006507 seconds.
Begin MonoManager ReloadAssembly
Native extension for WindowsStandalone target not found
Native extension for Android target not found
Refreshing native plugins compatible for Editor in 0.92 ms, found 2 plugins.
Preloading 0 native plugins for Editor in 0.00 ms.
Mono: successfully reloaded assembly
- Completed reload, in  3.203 seconds
Domain Reload Profiling:
	ReloadAssembly (3204ms)
		BeginReloadAssembly (274ms)
			ExecutionOrderSort (0ms)
			DisableScriptedObjects (14ms)
			BackupInstance (0ms)
			ReleaseScriptingObjects (0ms)
			CreateAndSetChildDomain (59ms)
		EndReloadAssembly (2699ms)
			LoadAssemblies (201ms)
			RebuildTransferFunctionScriptingTraits (0ms)
			SetupTypeCache (461ms)
			ReleaseScriptCaches (3ms)
			RebuildScriptCaches (108ms)
			SetupLoadedEditorAssemblies (1721ms)
				LogAssemblyErrors (0ms)
				InitializePlatformSupportModulesInManaged (155ms)
				SetLoadedEditorAssemblies (1ms)
				RefreshPlugins (1ms)
				BeforeProcessingInitializeOnLoad (308ms)
				ProcessInitializeOnLoadAttributes (903ms)
				ProcessInitializeOnLoadMethodAttributes (335ms)
				AfterProcessingInitializeOnLoad (16ms)
				EditorAssembliesLoaded (0ms)
			ExecutionOrderSort2 (0ms)
			AwakeInstancesAfterBackupRestoration (14ms)
Platform modules already initialized, skipping
Refreshing native plugins compatible for Editor in 7.51 ms, found 2 plugins.
Preloading 0 native plugins for Editor in 0.00 ms.
Unloading 2219 Unused Serialized files (Serialized files now loaded: 0)
Unloading 42 unused Assets / (24.6 KB). Loaded Objects now: 2679.
Memory consumption went from 86.3 MB to 86.3 MB.
Total: 11.114800 ms (FindLiveObjects: 0.215700 ms CreateObjectMapping: 0.233600 ms MarkObjects: 10.607500 ms  DeleteObjects: 0.056500 ms)

AssetImportParameters requested are different than current active one (requested -> active):
  custom:video-decoder-ogg-theora: a1e56fd34408186e4bbccfd4996cb3dc -> 
  custom:container-muxer-webm: aa71ff27fc2769a1b78a27578f13a17b -> 
  custom:container-demuxer-webm: 4f35f7cbe854078d1ac9338744f61a02 -> 
  custom:video-encoder-webm-vp8: eb34c28f22e8b96e1ab97ce403110664 -> 
  custom:video-codec-MediaFoundation-h265: 746d11721c4dcdbdad8f713fa42b33f4 -> 
  custom:audio-encoder-webm-vorbis: bf7c407c2cedff20999df2af8eb42d56 -> 
  custom:framework-win-MediaFoundation: 216162199b28c13a410421893ffa2e32 -> 
  custom:container-demuxer-ogg: 62fdf1f143b41e24485cea50d1cbac27 -> 
  custom:video-decoder-webm-vp8: 9c59270c3fd7afecdb556c50c9e8de78 -> 
  custom:audio-decoder-ogg-vorbis: bf7c407c2cedff20999df2af8eb42d56 -> 
========================================================================
Received Import Request.
  Time since last request: 254297.994296 seconds.
  path: Assets/Scripts/Enemy.cs
  artifactKey: Guid(d1bc4f6940c90e342896a0f08595caa2) Importer(815301076,1909f56bfc062723c751e8b465ee728b)
Start importing Assets/Scripts/Enemy.cs using Guid(d1bc4f6940c90e342896a0f08595caa2) Importer(815301076,1909f56bfc062723c751e8b465ee728b)  -> (artifact id: '632483f7ffd35a867d71e9b48a62291b') in 0.090911 seconds 
========================================================================
Received Import Request.
  Time since last request: 0.393107 seconds.
  path: Assets/Scripts/Game.cs
  artifactKey: Guid(b05145de9ae1c8c488e715ecc84f8870) Importer(815301076,1909f56bfc062723c751e8b465ee728b)
Start importing Assets/Scripts/Game.cs using Guid(b05145de9ae1c8c488e715ecc84f8870) Importer(815301076,1909f56bfc062723c751e8b465ee728b)  -> (artifact id: '2592e4f86f7a5b24a30cb2f6ea2b23dc') in 0.015398 seconds 
========================================================================
Received Import Request.
  Time since last request: 17.012039 seconds.
  path: Assets/Scripts/Unit.cs
  artifactKey: Guid(90fb1e94b6778264faadd6b36338f6c5) Importer(815301076,1909f56bfc062723c751e8b465ee728b)
Start importing Assets/Scripts/Unit.cs using Guid(90fb1e94b6778264faadd6b36338f6c5) Importer(815301076,1909f56bfc062723c751e8b465ee728b)  -> (artifact id: 'a653bb21641893198b98fd0bfdc44969') in 0.023859 seconds 
========================================================================
Received Import Request.
  Time since last request: 1.628282 seconds.
  path: Assets/Scripts/Stats.cs
  artifactKey: Guid(0f80e253854932d4e8be4fd798e29dd2) Importer(815301076,1909f56bfc062723c751e8b465ee728b)
Start importing Assets/Scripts/Stats.cs using Guid(0f80e253854932d4e8be4fd798e29dd2) Importer(815301076,1909f56bfc062723c751e8b465ee728b)  -> (artifact id: '841b9c6eb8c67db7e5111dc82cf151dc') in 0.016822 seconds 
========================================================================
Received Import Request.
  Time since last request: 0.907215 seconds.
  path: Assets/Scripts/Player.cs
  artifactKey: Guid(a59329b616a903d408f149abf23133ee) Importer(815301076,1909f56bfc062723c751e8b465ee728b)
Start importing Assets/Scripts/Player.cs using Guid(a59329b616a903d408f149abf23133ee) Importer(815301076,1909f56bfc062723c751e8b465ee728b)  -> (artifact id: 'b18697c777a022c4cc94b3c6ad6f8d84') in 0.013921 seconds 
========================================================================
Received Import Request.
  Time since last request: 2.087998 seconds.
  path: Assets/Scripts/Manager.cs
  artifactKey: Guid(38decbdf20d2a41429fbc6b358ed05e6) Importer(815301076,1909f56bfc062723c751e8b465ee728b)
Start importing Assets/Scripts/Manager.cs using Guid(38decbdf20d2a41429fbc6b358ed05e6) Importer(815301076,1909f56bfc062723c751e8b465ee728b)  -> (artifact id: '148a06df06b7432dc86f34d471d98903') in 0.020472 seconds 
========================================================================
Received Import Request.
  Time since last request: 4.048253 seconds.
  path: Assets/Scripts/Extentions
  artifactKey: Guid(5faacea40c601254d9cbbbb47a4fffd2) Importer(815301076,1909f56bfc062723c751e8b465ee728b)
Start importing Assets/Scripts/Extentions using Guid(5faacea40c601254d9cbbbb47a4fffd2) Importer(815301076,1909f56bfc062723c751e8b465ee728b)  -> (artifact id: 'dc46301c6c5b0f271e70ce2c4836d1b5') in 0.023206 seconds 
========================================================================
Received Import Request.
  Time since last request: 2.943799 seconds.
  path: Assets/Resources/BillingMode.json
  artifactKey: Guid(b068b69f6d014cd429e6a24530a5b565) Importer(815301076,1909f56bfc062723c751e8b465ee728b)
Start importing Assets/Resources/BillingMode.json using Guid(b068b69f6d014cd429e6a24530a5b565) Importer(815301076,1909f56bfc062723c751e8b465ee728b)  -> (artifact id: '3993faf306ec2c9ba930ffbd4f8d7814') in 0.046220 seconds 
========================================================================
Received Import Request.
  Time since last request: 2.137976 seconds.
  path: Assets/Fonts/BebasNeue Bold.otf
  artifactKey: Guid(1f26443946fb89243901ecc6b151cae4) Importer(815301076,1909f56bfc062723c751e8b465ee728b)
Start importing Assets/Fonts/BebasNeue Bold.otf using Guid(1f26443946fb89243901ecc6b151cae4) Importer(815301076,1909f56bfc062723c751e8b465ee728b)  -> (artifact id: '640b4121a5ed1f94fc31f007e69a13cc') in 0.242324 seconds 
========================================================================
Received Import Request.
  Time since last request: 0.000032 seconds.
  path: Assets/Fonts/BebasNeue Regular.otf
  artifactKey: Guid(fbea208eb858eb24292b25ca6c71e991) Importer(815301076,1909f56bfc062723c751e8b465ee728b)
Start importing Assets/Fonts/BebasNeue Regular.otf using Guid(fbea208eb858eb24292b25ca6c71e991) Importer(815301076,1909f56bfc062723c751e8b465ee728b)  -> (artifact id: 'b7ace5b29fafaea19cd7fd14c98c162d') in 0.048417 seconds 
========================================================================
Received Import Request.
  Time since last request: 0.000051 seconds.
  path: Assets/Fonts/BebasNeue Light.otf
  artifactKey: Guid(d8f0ec9f7c40f2244925738f458b3ee3) Importer(815301076,1909f56bfc062723c751e8b465ee728b)
Start importing Assets/Fonts/BebasNeue Light.otf using Guid(d8f0ec9f7c40f2244925738f458b3ee3) Importer(815301076,1909f56bfc062723c751e8b465ee728b)  -> (artifact id: '5f03608c2cfd7905a6ff76e3749c8d39') in 0.036511 seconds 
